<?xml version="1.0" encoding="UTF-8"?>
<!-- Generated by org.testng.reporters.JUnitXMLReporter -->
<testsuite ignored="2" hostname="DESKTOP-L7RHACA" failures="0" tests="2" name="Default test" time="9.002" errors="0" timestamp="2024-02-23T15:55:04 CST">
  <testcase classname="com.ws.tests.TestLoginPage" name="ForgotPasswordLinkPresent" time="4.542"/>
  <testcase classname="com.ws.tests.TestLoginPage" name="ForgotPasswordFunction" time="4.407"/>
  <testcase classname="com.ws.tests.TestLoginPage" name="testHomePageTitle" time="0.0">
    <ignored/>
  </testcase> <!-- testHomePageTitle -->
  <testcase classname="com.ws.tests.TestLoginPage" name="testLoginFunction" time="0.0">
    <ignored/>
  </testcase> <!-- testLoginFunction -->
</testsuite> <!-- Default test -->
