<?xml version="1.0" encoding="UTF-8"?>
<!-- Generated by org.testng.reporters.JUnitXMLReporter -->
<testsuite ignored="2" hostname="DESKTOP-L7RHACA" failures="0" tests="1" name="Default test" time="4.924" errors="0" timestamp="2024-02-22T19:53:34 CST">
  <testcase classname="com.ws.tests.TestLoginPage" name="ForgotPasswordLinkPresent" time="4.876"/>
  <testcase classname="com.ws.tests.TestLoginPage" name="testLoginFunction" time="0.0">
    <ignored/>
  </testcase> <!-- testLoginFunction -->
  <testcase classname="com.ws.tests.TestLoginPage" name="testHomePageTitle" time="0.0">
    <ignored/>
  </testcase> <!-- testHomePageTitle -->
</testsuite> <!-- Default test -->
