<?xml version="1.0" encoding="UTF-8"?>
<testng-results ignored="0" total="1" passed="1" failed="0" skipped="0">
  <reporter-output>
  </reporter-output>
  <suite started-at="2024-02-28T21:25:37 CST" name="Default suite" finished-at="2024-02-28T21:25:52 CST" duration-ms="15166">
    <groups>
    </groups>
    <test started-at="2024-02-28T21:25:37 CST" name="Default test" finished-at="2024-02-28T21:25:52 CST" duration-ms="15166">
      <class name="com.ws.tests.TestBookPage">
        <test-method is-config="true" signature="setupReport()[pri:0, instance:com.ws.tests.TestBookPage@273444fe]" started-at="2024-02-28T21:25:37 CST" name="setupReport" finished-at="2024-02-28T21:25:37 CST" duration-ms="167" status="PASS">
          <reporter-output>
          </reporter-output>
        </test-method> <!-- setupReport -->
        <test-method is-config="true" signature="SetUp()[pri:0, instance:com.ws.tests.TestBookPage@273444fe]" started-at="2024-02-28T21:25:37 CST" name="SetUp" finished-at="2024-02-28T21:25:41 CST" duration-ms="3981" status="PASS">
          <reporter-output>
          </reporter-output>
        </test-method> <!-- SetUp -->
        <test-method signature="TestBookPageTitle()[pri:0, instance:com.ws.tests.TestBookPage@273444fe]" started-at="2024-02-28T21:25:41 CST" name="TestBookPageTitle" finished-at="2024-02-28T21:25:52 CST" duration-ms="10643" status="PASS">
          <reporter-output>
          </reporter-output>
        </test-method> <!-- TestBookPageTitle -->
        <test-method is-config="true" signature="teardown(org.testng.ITestResult)[pri:0, instance:com.ws.tests.TestBookPage@273444fe]" started-at="2024-02-28T21:25:52 CST" name="teardown" finished-at="2024-02-28T21:25:52 CST" duration-ms="505" status="PASS">
          <params>
            <param index="0">
              <value>
                <![CDATA[[TestResult name=TestBookPageTitle status=SUCCESS method=TestBookPage.TestBookPageTitle()[pri:0, instance:com.ws.tests.TestBookPage@273444fe] output={null}]]]>
              </value>
            </param>
          </params>
          <reporter-output>
          </reporter-output>
        </test-method> <!-- teardown -->
      </class> <!-- com.ws.tests.TestBookPage -->
    </test> <!-- Default test -->
  </suite> <!-- Default suite -->
</testng-results>
