<?xml version="1.0" encoding="UTF-8"?>
<testng-results ignored="2" total="3" passed="1" failed="0" skipped="0">
  <reporter-output>
  </reporter-output>
  <suite started-at="2024-02-22T19:53:29 CST" name="Default suite" finished-at="2024-02-22T19:53:34 CST" duration-ms="4924">
    <groups>
    </groups>
    <test started-at="2024-02-22T19:53:29 CST" name="Default test" finished-at="2024-02-22T19:53:34 CST" duration-ms="4924">
      <class name="com.ws.tests.TestLoginPage">
        <test-method signature="ForgotPasswordLinkPresent()[pri:0, instance:com.ws.tests.TestLoginPage@2cf3d63b]" started-at="2024-02-22T19:53:29 CST" name="ForgotPasswordLinkPresent" finished-at="2024-02-22T19:53:34 CST" duration-ms="4876" status="PASS">
          <reporter-output>
          </reporter-output>
        </test-method> <!-- ForgotPasswordLinkPresent -->
      </class> <!-- com.ws.tests.TestLoginPage -->
    </test> <!-- Default test -->
  </suite> <!-- Default suite -->
</testng-results>
